app/build/outputs/logs/manifest-merger-debug-report.txt
-- Merging decision tree log ---
manifest
ADDED from src\main\AndroidManifest.xml:2:1-43:12
INJECTED from src\main\AndroidManifest.xml:2:1-43:12
INJECTED from src\main\AndroidManifest.xml:2:1-43:12
INJECTED from src\main\AndroidManifest.xml:2:1-43:12
MERGED from [androidx.databinding:viewbinding:7.4.0] AndroidManifest.xml:2:1-7:12
MERGED from [androidx.room:room-ktx:2.5.2] AndroidManifest.xml:17:1-22:12
MERGED from [androidx.room:room-runtime:2.5.2] AndroidManifest.xml:17:1-31:12
MERGED from [androidx.navigation:navigation-common:2.6.0] AndroidManifest.xml:17:1-22:12
MERGED from [androidx.navigation:navigation-common-ktx:2.6.0] AndroidManifest.xml:17:1-22:12
MERGED from [androidx.navigation:navigation-runtime:2.6.0] AndroidManifest.xml:17:1-22:12
MERGED from [androidx.navigation:navigation-runtime-ktx:2.6.0] AndroidManifest.xml:17:1-22:12
MERGED from [androidx.navigation:navigation-fragment:2.6.0] AndroidManifest.xml:17:1-22:12
MERGED from [androidx.navigation:navigation-fragment-ktx:2.6.0] AndroidManifest.xml:17:1-22:12
MERGED from [androidx.navigation:navigation-ui-ktx:2.6.0] AndroidManifest.xml:17:1-22:12
MERGED from [androidx.navigation:navigation-ui:2.6.0] AndroidManifest.xml:17:1-22:12
MERGED from [com.google.android.material:material:1.9.0] AndroidManifest.xml:17:1-26:12
MERGED from [androidx.constraintlayout:constraintlayout:2.1.4] AndroidManifest.xml:2:1-11:12
MERGED from [androidx.appcompat:appcompat-resources:1.6.1] AndroidManifest.xml:17:1-22:12
MERGED from [androidx.appcompat:appcompat:1.6.1] AndroidManifest.xml:17:1-22:12
MERGED from [com.google.android.gms:play-services-auth:20.6.0] AndroidManifest.xml:17:1-40:12
MERGED from [androidx.dynamicanimation:dynamicanimation:1.0.0] AndroidManifest.xml:17:1-22:12
MERGED from [androidx.legacy:legacy-support-core-utils:1.0.0] AndroidManifest.xml:17:1-22:12
MERGED from [com.github.bumptech.glide:glide:4.15.1] AndroidManifest.xml:2:1-11:12
MERGED from [com.google.firebase:firebase-auth-ktx:22.1.1] AndroidManifest.xml:2:1-17:12
MERGED from [com.google.firebase:firebase-auth:22.1.1] AndroidManifest.xml:17:1-75:12
MERGED from [androidx.viewpager2:viewpager2:1.0.0] AndroidManifest.xml:17:1-24:12
MERGED from [com.google.android.gms:play-services-auth-api-phone:18.0.1] AndroidManifest.xml:2:1-7:12
MERGED from [com.google.android.gms:play-services-auth-base:18.0.4] AndroidManifest.xml:2:1-7:12
MERGED from [com.google.android.gms:play-services-fido:20.0.1] AndroidManifest.xml:2:1-10:12
MERGED from [com.google.firebase:firebase-storage-ktx:20.2.1] AndroidManifest.xml:2:1-20:12
MERGED from [com.google.firebase:firebase-storage:20.2.1] AndroidManifest.xml:15:1-38:12
MERGED from [com.google.firebase:firebase-firestore-ktx:24.7.0] AndroidManifest.xml:2:1-20:12
MERGED from [com.google.firebase:firebase-firestore:24.7.0] AndroidManifest.xml:2:1-25:12
MERGED from [com.google.firebase:firebase-appcheck-interop:17.0.0] AndroidManifest.xml:15:1-25:12
MERGED from [com.google.firebase:firebase-database-collection:18.0.1] AndroidManifest.xml:2:1-9:12
MERGED from [com.google.android.gms:play-services-base:18.0.1] AndroidManifest.xml:16:1-24:12
MERGED from [com.google.firebase:firebase-common-ktx:20.3.3] AndroidManifest.xml:2:1-20:12
MERGED from [com.google.firebase:firebase-auth-interop:20.0.0] AndroidManifest.xml:2:1-10:12
MERGED from [com.google.firebase:firebase-common:20.3.3] AndroidManifest.xml:15:1-39:12
MERGED from [com.google.android.recaptcha:recaptcha:18.1.2] AndroidManifest.xml:2:1-10:12
MERGED from [com.google.android.play:integrity:1.1.0] AndroidManifest.xml:2:1-7:12
MERGED from [com.google.android.gms:play-services-tasks:18.0.2] AndroidManifest.xml:2:1-6:12
MERGED from [com.google.android.gms:play-services-basement:18.2.0] AndroidManifest.xml:16:1-26:12
MERGED from [androidx.fragment:fragment-ktx:1.6.0] AndroidManifest.xml:17:1-22:12
MERGED from [androidx.fragment:fragment:1.6.0] AndroidManifest.xml:17:1-22:12
MERGED from [androidx.loader:loader:1.0.0] AndroidManifest.xml:17:1-22:12
MERGED from [androidx.emoji2:emoji2-views-helper:1.2.0] AndroidManifest.xml:2:1-7:12
MERGED from [androidx.emoji2:emoji2:1.2.0] AndroidManifest.xml:17:1-35:12
MERGED from [androidx.drawerlayout:drawerlayout:1.1.1] AndroidManifest.xml:17:1-24:12
MERGED from [androidx.coordinatorlayout:coordinatorlayout:1.1.0] AndroidManifest.xml:17:1-24:12
MERGED from [androidx.vectordrawable:vectordrawable-animated:1.1.0] AndroidManifest.xml:17:1-24:12
MERGED from [androidx.vectordrawable:vectordrawable:1.1.0] AndroidManifest.xml:17:1-24:12
MERGED from [androidx.browser:browser:1.4.0] AndroidManifest.xml:17:1-24:12
MERGED from [androidx.activity:activity:1.6.1] AndroidManifest.xml:17:1-22:12
MERGED from [androidx.activity:activity-ktx:1.6.1] AndroidManifest.xml:17:1-22:12
MERGED from [androidx.lifecycle:lifecycle-runtime-ktx:2.6.1] AndroidManifest.xml:17:1-22:12
MERGED from [androidx.lifecycle:lifecycle-livedata-core-ktx:2.6.1] AndroidManifest.xml:17:1-22:12
MERGED from [androidx.lifecycle:lifecycle-livedata:2.6.1] AndroidManifest.xml:17:1-22:12
MERGED from [androidx.savedstate:savedstate-ktx:1.2.1] AndroidManifest.xml:17:1-22:12
MERGED from [androidx.savedstate:savedstate:1.2.1] AndroidManifest.xml:17:1-22:12
MERGED from [androidx.lifecycle:lifecycle-livedata-core:2.6.1] AndroidManifest.xml:17:1-22:12
MERGED from [androidx.lifecycle:lifecycle-process:2.6.1] AndroidManifest.xml:17:1-35:12
MERGED from [androidx.lifecycle:lifecycle-viewmodel-savedstate:2.6.1] AndroidManifest.xml:17:1-22:12
MERGED from [androidx.core:core-ktx:1.9.0] AndroidManifest.xml:2:1-7:12
MERGED from [androidx.recyclerview:recyclerview:1.1.0] AndroidManifest.xml:17:1-24:12
MERGED from [androidx.slidingpanelayout:slidingpanelayout:1.2.0] AndroidManifest.xml:17:1-24:12
MERGED from [androidx.viewpager:viewpager:1.0.0] AndroidManifest.xml:17:1-22:12
MERGED from [androidx.customview:customview:1.1.0] AndroidManifest.xml:17:1-24:12
MERGED from [androidx.transition:transition:1.4.1] AndroidManifest.xml:17:1-24:12
MERGED from [androidx.window:window:1.0.0] AndroidManifest.xml:17:1-33:12
MERGED from [androidx.core:core:1.9.0] AndroidManifest.xml:17:1-30:12
MERGED from [androidx.lifecycle:lifecycle-runtime:2.6.1] AndroidManifest.xml:2:1-7:12
MERGED from [androidx.lifecycle:lifecycle-viewmodel:2.6.1] AndroidManifest.xml:17:1-22:12
MERGED from [androidx.lifecycle:lifecycle-viewmodel-ktx:2.6.1] AndroidManifest.xml:17:1-22:12
MERGED from [com.github.f0ris.sweetalert:library:1.5.6] AndroidManifest.xml:2:1-13:12
MERGED from [androidx.cursoradapter:cursoradapter:1.0.0] AndroidManifest.xml:17:1-22:12
MERGED from [androidx.cardview:cardview:1.0.0] AndroidManifest.xml:17:1-22:12
MERGED from [androidx.sqlite:sqlite-framework:2.3.1] AndroidManifest.xml:17:1-22:12
MERGED from [androidx.sqlite:sqlite:2.3.1] AndroidManifest.xml:17:1-22:12
MERGED from [com.github.bumptech.glide:gifdecoder:4.15.1] AndroidManifest.xml:2:1-11:12
MERGED from [androidx.exifinterface:exifinterface:1.3.3] AndroidManifest.xml:17:1-24:12
MERGED from [androidx.profileinstaller:profileinstaller:1.3.0] AndroidManifest.xml:17:1-55:12
MERGED from [androidx.startup:startup-runtime:1.1.1] AndroidManifest.xml:17:1-33:12
MERGED from [androidx.tracing:tracing:1.0.0] AndroidManifest.xml:17:1-24:12
MERGED from [com.google.firebase:firebase-components:17.1.0] AndroidManifest.xml:15:1-22:12
MERGED from [androidx.localbroadcastmanager:localbroadcastmanager:1.0.0] AndroidManifest.xml:17:1-22:12
MERGED from [androidx.versionedparcelable:versionedparcelable:1.1.1] AndroidManifest.xml:17:1-27:12
MERGED from [androidx.arch.core:core-runtime:2.2.0] AndroidManifest.xml:17:1-22:12
MERGED from [androidx.interpolator:interpolator:1.0.0] AndroidManifest.xml:17:1-22:12
MERGED from [androidx.documentfile:documentfile:1.0.0] AndroidManifest.xml:17:1-22:12
MERGED from [androidx.print:print:1.0.0] AndroidManifest.xml:17:1-22:12
MERGED from [androidx.annotation:annotation-experimental:1.3.0] AndroidManifest.xml:17:1-22:12
MERGED from [io.grpc:grpc-android:1.52.1] AndroidManifest.xml:2:1-11:12
MERGED from [com.pnikosis:materialish-progress:1.7] AndroidManifest.xml:2:1-13:12
MERGED from [com.google.firebase:protolite-well-known-types:18.0.0] AndroidManifest.xml:2:1-11:12
INJECTED from src\main\AndroidManifest.xml:2:1-43:12
INJECTED from src\main\AndroidManifest.xml:2:1-43:12
INJECTED from src\main\AndroidManifest.xml:2:1-43:12
	package
		INJECTED from src\main\AndroidManifest.xml
		ADDED from src\main\AndroidManifest.xml:2:1-43:12
		INJECTED from src\main\AndroidManifest.xml
	android:versionName
		INJECTED from src\main\AndroidManifest.xml
		ADDED from src\main\AndroidManifest.xml:2:1-43:12
		INJECTED from src\main\AndroidManifest.xml
	xmlns:tools
		ADDED from src\main\AndroidManifest.xml:3:5-51
	android:versionCode
		INJECTED from src\main\AndroidManifest.xml
		ADDED from src\main\AndroidManifest.xml:2:1-43:12
		INJECTED from src\main\AndroidManifest.xml
	xmlns:android
		ADDED from src\main\AndroidManifest.xml:2:11-69
uses-permission#android.permission.INTERNET
ADDED from src\main\AndroidManifest.xml:5:5-67
MERGED from [com.google.firebase:firebase-auth:22.1.1] AndroidManifest.xml:25:5-67
MERGED from [com.google.firebase:firebase-auth:22.1.1] AndroidManifest.xml:25:5-67
MERGED from [com.google.firebase:firebase-storage:20.2.1] AndroidManifest.xml:26:5-67
MERGED from [com.google.firebase:firebase-storage:20.2.1] AndroidManifest.xml:26:5-67
MERGED from [com.google.firebase:firebase-firestore:24.7.0] AndroidManifest.xml:13:5-67
MERGED from [com.google.firebase:firebase-firestore:24.7.0] AndroidManifest.xml:13:5-67
MERGED from [com.google.android.recaptcha:recaptcha:18.1.2] AndroidManifest.xml:7:5-67
MERGED from [com.google.android.recaptcha:recaptcha:18.1.2] AndroidManifest.xml:7:5-67
	android:name
		ADDED from src\main\AndroidManifest.xml:5:22-64
uses-permission#android.permission.CAMERA
ADDED from src\main\AndroidManifest.xml:6:5-65
	android:name
		ADDED from src\main\AndroidManifest.xml:6:22-62
uses-permission#android.permission.WRITE_EXTERNAL_STORAGE
ADDED from src\main\AndroidManifest.xml:7:5-81
	android:name
		ADDED from src\main\AndroidManifest.xml:7:22-78
uses-permission#android.permission.READ_EXTERNAL_STORAGE
ADDED from src\main\AndroidManifest.xml:8:5-80
	android:name
		ADDED from src\main\AndroidManifest.xml:8:22-77
application
ADDED from src\main\AndroidManifest.xml:10:5-41:19
MERGED from [androidx.room:room-runtime:2.5.2] AndroidManifest.xml:23:5-29:19
MERGED from [androidx.room:room-runtime:2.5.2] AndroidManifest.xml:23:5-29:19
MERGED from [com.google.android.material:material:1.9.0] AndroidManifest.xml:24:5-20
MERGED from [com.google.android.material:material:1.9.0] AndroidManifest.xml:24:5-20
MERGED from [androidx.constraintlayout:constraintlayout:2.1.4] AndroidManifest.xml:9:5-20
MERGED from [androidx.constraintlayout:constraintlayout:2.1.4] AndroidManifest.xml:9:5-20
MERGED from [com.google.android.gms:play-services-auth:20.6.0] AndroidManifest.xml:22:5-38:19
MERGED from [com.google.android.gms:play-services-auth:20.6.0] AndroidManifest.xml:22:5-38:19
MERGED from [com.github.bumptech.glide:glide:4.15.1] AndroidManifest.xml:9:5-20
MERGED from [com.github.bumptech.glide:glide:4.15.1] AndroidManifest.xml:9:5-20
MERGED from [com.google.firebase:firebase-auth-ktx:22.1.1] AndroidManifest.xml:7:5-15:19
MERGED from [com.google.firebase:firebase-auth-ktx:22.1.1] AndroidManifest.xml:7:5-15:19
MERGED from [com.google.firebase:firebase-auth:22.1.1] AndroidManifest.xml:28:5-73:19
MERGED from [com.google.firebase:firebase-auth:22.1.1] AndroidManifest.xml:28:5-73:19
MERGED from [com.google.android.gms:play-services-fido:20.0.1] AndroidManifest.xml:7:5-8:19
MERGED from [com.google.android.gms:play-services-fido:20.0.1] AndroidManifest.xml:7:5-8:19
MERGED from [com.google.firebase:firebase-storage-ktx:20.2.1] AndroidManifest.xml:10:5-18:19
MERGED from [com.google.firebase:firebase-storage-ktx:20.2.1] AndroidManifest.xml:10:5-18:19
MERGED from [com.google.firebase:firebase-storage:20.2.1] AndroidManifest.xml:28:5-36:19
MERGED from [com.google.firebase:firebase-storage:20.2.1] AndroidManifest.xml:28:5-36:19
MERGED from [com.google.firebase:firebase-firestore-ktx:24.7.0] AndroidManifest.xml:10:5-18:19
MERGED from [com.google.firebase:firebase-firestore-ktx:24.7.0] AndroidManifest.xml:10:5-18:19
MERGED from [com.google.firebase:firebase-firestore:24.7.0] AndroidManifest.xml:15:5-23:19
MERGED from [com.google.firebase:firebase-firestore:24.7.0] AndroidManifest.xml:15:5-23:19
MERGED from [com.google.firebase:firebase-appcheck-interop:17.0.0] AndroidManifest.xml:23:5-20
MERGED from [com.google.firebase:firebase-appcheck-interop:17.0.0] AndroidManifest.xml:23:5-20
MERGED from [com.google.android.gms:play-services-base:18.0.1] AndroidManifest.xml:19:5-23:19
MERGED from [com.google.android.gms:play-services-base:18.0.1] AndroidManifest.xml:19:5-23:19
MERGED from [com.google.firebase:firebase-common-ktx:20.3.3] AndroidManifest.xml:10:5-18:19
MERGED from [com.google.firebase:firebase-common-ktx:20.3.3] AndroidManifest.xml:10:5-18:19
MERGED from [com.google.firebase:firebase-auth-interop:20.0.0] AndroidManifest.xml:7:5-8:19
MERGED from [com.google.firebase:firebase-auth-interop:20.0.0] AndroidManifest.xml:7:5-8:19
MERGED from [com.google.firebase:firebase-common:20.3.3] AndroidManifest.xml:24:5-37:19
MERGED from [com.google.firebase:firebase-common:20.3.3] AndroidManifest.xml:24:5-37:19
MERGED from [com.google.android.play:integrity:1.1.0] AndroidManifest.xml:5:5-6:19
MERGED from [com.google.android.play:integrity:1.1.0] AndroidManifest.xml:5:5-6:19
MERGED from [com.google.android.gms:play-services-tasks:18.0.2] AndroidManifest.xml:5:5-20
MERGED from [com.google.android.gms:play-services-tasks:18.0.2] AndroidManifest.xml:5:5-20
MERGED from [com.google.android.gms:play-services-basement:18.2.0] AndroidManifest.xml:20:5-24:19
MERGED from [com.google.android.gms:play-services-basement:18.2.0] AndroidManifest.xml:20:5-24:19
MERGED from [androidx.emoji2:emoji2:1.2.0] AndroidManifest.xml:23:5-33:19
MERGED from [androidx.emoji2:emoji2:1.2.0] AndroidManifest.xml:23:5-33:19
MERGED from [androidx.lifecycle:lifecycle-process:2.6.1] AndroidManifest.xml:23:5-33:19
MERGED from [androidx.lifecycle:lifecycle-process:2.6.1] AndroidManifest.xml:23:5-33:19
MERGED from [androidx.window:window:1.0.0] AndroidManifest.xml:24:5-31:19
MERGED from [androidx.window:window:1.0.0] AndroidManifest.xml:24:5-31:19
MERGED from [androidx.core:core:1.9.0] AndroidManifest.xml:28:5-89
MERGED from [androidx.core:core:1.9.0] AndroidManifest.xml:28:5-89
MERGED from [com.github.f0ris.sweetalert:library:1.5.6] AndroidManifest.xml:11:5-20
MERGED from [com.github.f0ris.sweetalert:library:1.5.6] AndroidManifest.xml:11:5-20
MERGED from [com.github.bumptech.glide:gifdecoder:4.15.1] AndroidManifest.xml:9:5-20
MERGED from [com.github.bumptech.glide:gifdecoder:4.15.1] AndroidManifest.xml:9:5-20
MERGED from [androidx.profileinstaller:profileinstaller:1.3.0] AndroidManifest.xml:23:5-53:19
MERGED from [androidx.profileinstaller:profileinstaller:1.3.0] AndroidManifest.xml:23:5-53:19
MERGED from [androidx.startup:startup-runtime:1.1.1] AndroidManifest.xml:25:5-31:19
MERGED from [androidx.startup:startup-runtime:1.1.1] AndroidManifest.xml:25:5-31:19
MERGED from [androidx.versionedparcelable:versionedparcelable:1.1.1] AndroidManifest.xml:24:5-25:19
MERGED from [androidx.versionedparcelable:versionedparcelable:1.1.1] AndroidManifest.xml:24:5-25:19
MERGED from [com.pnikosis:materialish-progress:1.7] AndroidManifest.xml:11:5-20
MERGED from [com.pnikosis:materialish-progress:1.7] AndroidManifest.xml:11:5-20
	android:appComponentFactory
		ADDED from [androidx.core:core:1.9.0] AndroidManifest.xml:28:18-86
	android:supportsRtl
		ADDED from src\main\AndroidManifest.xml:16:9-35
	android:label
		ADDED from src\main\AndroidManifest.xml:15:9-41
	android:fullBackupContent
		ADDED from src\main\AndroidManifest.xml:13:9-54
	tools:targetApi
		ADDED from src\main\AndroidManifest.xml:18:9-29
	android:icon
		ADDED from src\main\AndroidManifest.xml:14:9-43
	android:allowBackup
		ADDED from src\main\AndroidManifest.xml:11:9-35
	android:theme
		ADDED from src\main\AndroidManifest.xml:17:9-52
	android:dataExtractionRules
		ADDED from src\main\AndroidManifest.xml:12:9-65
activity#com.ef.monicagb.thesimpsonsapp.ui.AddCharacterActivity
ADDED from src\main\AndroidManifest.xml:19:9-21:40
	android:exported
		ADDED from src\main\AndroidManifest.xml:21:13-37
	android:name
		ADDED from src\main\AndroidManifest.xml:20:13-52
activity#com.ef.monicagb.thesimpsonsapp.ui.LoginActivity
ADDED from src\main\AndroidManifest.xml:22:9-24:40
	android:exported
		ADDED from src\main\AndroidManifest.xml:24:13-37
	android:name
		ADDED from src\main\AndroidManifest.xml:23:13-45
activity#com.ef.monicagb.thesimpsonsapp.ui.SplashActivity
ADDED from src\main\AndroidManifest.xml:25:9-33:20
	android:exported
		ADDED from src\main\AndroidManifest.xml:27:13-36
	android:name
		ADDED from src\main\AndroidManifest.xml:26:13-46
intent-filter#action:name:android.intent.action.MAIN+category:name:android.intent.category.LAUNCHER
ADDED from src\main\AndroidManifest.xml:28:13-32:29
action#android.intent.action.MAIN
ADDED from src\main\AndroidManifest.xml:29:17-69
	android:name
		ADDED from src\main\AndroidManifest.xml:29:25-66
category#android.intent.category.LAUNCHER
ADDED from src\main\AndroidManifest.xml:31:17-77
	android:name
		ADDED from src\main\AndroidManifest.xml:31:27-74
activity#com.ef.monicagb.thesimpsonsapp.ui.MainActivity
ADDED from src\main\AndroidManifest.xml:34:9-36:40
	android:exported
		ADDED from src\main\AndroidManifest.xml:36:13-37
	android:name
		ADDED from src\main\AndroidManifest.xml:35:13-44
meta-data#preloaded_fonts
ADDED from src\main\AndroidManifest.xml:38:9-40:57
	android:resource
		ADDED from src\main\AndroidManifest.xml:40:13-54
	android:name
		ADDED from src\main\AndroidManifest.xml:39:13-43
uses-sdk
INJECTED from src\main\AndroidManifest.xml reason: use-sdk injection requested
INJECTED from src\main\AndroidManifest.xml
INJECTED from src\main\AndroidManifest.xml
MERGED from [androidx.databinding:viewbinding:7.4.0] AndroidManifest.xml:5:5-44
MERGED from [androidx.databinding:viewbinding:7.4.0] AndroidManifest.xml:5:5-44
MERGED from [androidx.room:room-ktx:2.5.2] AndroidManifest.xml:20:5-44
MERGED from [androidx.room:room-ktx:2.5.2] AndroidManifest.xml:20:5-44
MERGED from [androidx.room:room-runtime:2.5.2] AndroidManifest.xml:21:5-44
MERGED from [androidx.room:room-runtime:2.5.2] AndroidManifest.xml:21:5-44
MERGED from [androidx.navigation:navigation-common:2.6.0] AndroidManifest.xml:20:5-44
MERGED from [androidx.navigation:navigation-common:2.6.0] AndroidManifest.xml:20:5-44
MERGED from [androidx.navigation:navigation-common-ktx:2.6.0] AndroidManifest.xml:20:5-44
MERGED from [androidx.navigation:navigation-common-ktx:2.6.0] AndroidManifest.xml:20:5-44
MERGED from [androidx.navigation:navigation-runtime:2.6.0] AndroidManifest.xml:20:5-44
MERGED from [androidx.navigation:navigation-runtime:2.6.0] AndroidManifest.xml:20:5-44
MERGED from [androidx.navigation:navigation-runtime-ktx:2.6.0] AndroidManifest.xml:20:5-44
MERGED from [androidx.navigation:navigation-runtime-ktx:2.6.0] AndroidManifest.xml:20:5-44
MERGED from [androidx.navigation:navigation-fragment:2.6.0] AndroidManifest.xml:20:5-44
MERGED from [androidx.navigation:navigation-fragment:2.6.0] AndroidManifest.xml:20:5-44
MERGED from [androidx.navigation:navigation-fragment-ktx:2.6.0] AndroidManifest.xml:20:5-44
MERGED from [androidx.navigation:navigation-fragment-ktx:2.6.0] AndroidManifest.xml:20:5-44
MERGED from [androidx.navigation:navigation-ui-ktx:2.6.0] AndroidManifest.xml:20:5-44
MERGED from [androidx.navigation:navigation-ui-ktx:2.6.0] AndroidManifest.xml:20:5-44
MERGED from [androidx.navigation:navigation-ui:2.6.0] AndroidManifest.xml:20:5-44
MERGED from [androidx.navigation:navigation-ui:2.6.0] AndroidManifest.xml:20:5-44
MERGED from [com.google.android.material:material:1.9.0] AndroidManifest.xml:20:5-22:41
MERGED from [com.google.android.material:material:1.9.0] AndroidManifest.xml:20:5-22:41
MERGED from [androidx.constraintlayout:constraintlayout:2.1.4] AndroidManifest.xml:5:5-7:41
MERGED from [androidx.constraintlayout:constraintlayout:2.1.4] AndroidManifest.xml:5:5-7:41
MERGED from [androidx.appcompat:appcompat-resources:1.6.1] AndroidManifest.xml:20:5-44
MERGED from [androidx.appcompat:appcompat-resources:1.6.1] AndroidManifest.xml:20:5-44
MERGED from [androidx.appcompat:appcompat:1.6.1] AndroidManifest.xml:20:5-44
MERGED from [androidx.appcompat:appcompat:1.6.1] AndroidManifest.xml:20:5-44
MERGED from [com.google.android.gms:play-services-auth:20.6.0] AndroidManifest.xml:20:5-44
MERGED from [com.google.android.gms:play-services-auth:20.6.0] AndroidManifest.xml:20:5-44
MERGED from [androidx.dynamicanimation:dynamicanimation:1.0.0] AndroidManifest.xml:20:5-44
MERGED from [androidx.dynamicanimation:dynamicanimation:1.0.0] AndroidManifest.xml:20:5-44
MERGED from [androidx.legacy:legacy-support-core-utils:1.0.0] AndroidManifest.xml:20:5-44
MERGED from [androidx.legacy:legacy-support-core-utils:1.0.0] AndroidManifest.xml:20:5-44
MERGED from [com.github.bumptech.glide:glide:4.15.1] AndroidManifest.xml:5:5-7:41
MERGED from [com.github.bumptech.glide:glide:4.15.1] AndroidManifest.xml:5:5-7:41
MERGED from [com.google.firebase:firebase-auth-ktx:22.1.1] AndroidManifest.xml:5:5-44
MERGED from [com.google.firebase:firebase-auth-ktx:22.1.1] AndroidManifest.xml:5:5-44
MERGED from [com.google.firebase:firebase-auth:22.1.1] AndroidManifest.xml:21:5-23:64
MERGED from [com.google.firebase:firebase-auth:22.1.1] AndroidManifest.xml:21:5-23:64
MERGED from [androidx.viewpager2:viewpager2:1.0.0] AndroidManifest.xml:20:5-22:41
MERGED from [androidx.viewpager2:viewpager2:1.0.0] AndroidManifest.xml:20:5-22:41
MERGED from [com.google.android.gms:play-services-auth-api-phone:18.0.1] AndroidManifest.xml:5:5-44
MERGED from [com.google.android.gms:play-services-auth-api-phone:18.0.1] AndroidManifest.xml:5:5-44
MERGED from [com.google.android.gms:play-services-auth-base:18.0.4] AndroidManifest.xml:5:5-44
MERGED from [com.google.android.gms:play-services-auth-base:18.0.4] AndroidManifest.xml:5:5-44
MERGED from [com.google.android.gms:play-services-fido:20.0.1] AndroidManifest.xml:5:5-44
MERGED from [com.google.android.gms:play-services-fido:20.0.1] AndroidManifest.xml:5:5-44
MERGED from [com.google.firebase:firebase-storage-ktx:20.2.1] AndroidManifest.xml:5:5-7:41
MERGED from [com.google.firebase:firebase-storage-ktx:20.2.1] AndroidManifest.xml:5:5-7:41
MERGED from [com.google.firebase:firebase-storage:20.2.1] AndroidManifest.xml:19:5-21:41
MERGED from [com.google.firebase:firebase-storage:20.2.1] AndroidManifest.xml:19:5-21:41
MERGED from [com.google.firebase:firebase-firestore-ktx:24.7.0] AndroidManifest.xml:5:5-7:41
MERGED from [com.google.firebase:firebase-firestore-ktx:24.7.0] AndroidManifest.xml:5:5-7:41
MERGED from [com.google.firebase:firebase-firestore:24.7.0] AndroidManifest.xml:6:5-8:41
MERGED from [com.google.firebase:firebase-firestore:24.7.0] AndroidManifest.xml:6:5-8:41
MERGED from [com.google.firebase:firebase-appcheck-interop:17.0.0] AndroidManifest.xml:18:5-20:41
MERGED from [com.google.firebase:firebase-appcheck-interop:17.0.0] AndroidManifest.xml:18:5-20:41
MERGED from [com.google.firebase:firebase-database-collection:18.0.1] AndroidManifest.xml:5:5-7:41
MERGED from [com.google.firebase:firebase-database-collection:18.0.1] AndroidManifest.xml:5:5-7:41
MERGED from [com.google.android.gms:play-services-base:18.0.1] AndroidManifest.xml:18:5-43
MERGED from [com.google.android.gms:play-services-base:18.0.1] AndroidManifest.xml:18:5-43
MERGED from [com.google.firebase:firebase-common-ktx:20.3.3] AndroidManifest.xml:5:5-7:41
MERGED from [com.google.firebase:firebase-common-ktx:20.3.3] AndroidManifest.xml:5:5-7:41
MERGED from [com.google.firebase:firebase-auth-interop:20.0.0] AndroidManifest.xml:5:5-44
MERGED from [com.google.firebase:firebase-auth-interop:20.0.0] AndroidManifest.xml:5:5-44
MERGED from [com.google.firebase:firebase-common:20.3.3] AndroidManifest.xml:19:5-21:41
MERGED from [com.google.firebase:firebase-common:20.3.3] AndroidManifest.xml:19:5-21:41
MERGED from [com.google.android.recaptcha:recaptcha:18.1.2] AndroidManifest.xml:5:5-44
MERGED from [com.google.android.recaptcha:recaptcha:18.1.2] AndroidManifest.xml:5:5-44
MERGED from [com.google.android.play:integrity:1.1.0] AndroidManifest.xml:4:5-44
MERGED from [com.google.android.play:integrity:1.1.0] AndroidManifest.xml:4:5-44
MERGED from [com.google.android.gms:play-services-tasks:18.0.2] AndroidManifest.xml:4:5-43
MERGED from [com.google.android.gms:play-services-tasks:18.0.2] AndroidManifest.xml:4:5-43
MERGED from [com.google.android.gms:play-services-basement:18.2.0] AndroidManifest.xml:18:5-43
MERGED from [com.google.android.gms:play-services-basement:18.2.0] AndroidManifest.xml:18:5-43
MERGED from [androidx.fragment:fragment-ktx:1.6.0] AndroidManifest.xml:20:5-44
MERGED from [androidx.fragment:fragment-ktx:1.6.0] AndroidManifest.xml:20:5-44
MERGED from [androidx.fragment:fragment:1.6.0] AndroidManifest.xml:20:5-44
MERGED from [androidx.fragment:fragment:1.6.0] AndroidManifest.xml:20:5-44
MERGED from [androidx.loader:loader:1.0.0] AndroidManifest.xml:20:5-44
MERGED from [androidx.loader:loader:1.0.0] AndroidManifest.xml:20:5-44
MERGED from [androidx.emoji2:emoji2-views-helper:1.2.0] AndroidManifest.xml:5:5-44
MERGED from [androidx.emoji2:emoji2-views-helper:1.2.0] AndroidManifest.xml:5:5-44
MERGED from [androidx.emoji2:emoji2:1.2.0] AndroidManifest.xml:21:5-44
MERGED from [androidx.emoji2:emoji2:1.2.0] AndroidManifest.xml:21:5-44
MERGED from [androidx.drawerlayout:drawerlayout:1.1.1] AndroidManifest.xml:20:5-22:41
MERGED from [androidx.drawerlayout:drawerlayout:1.1.1] AndroidManifest.xml:20:5-22:41
MERGED from [androidx.coordinatorlayout:coordinatorlayout:1.1.0] AndroidManifest.xml:20:5-22:41
MERGED from [androidx.coordinatorlayout:coordinatorlayout:1.1.0] AndroidManifest.xml:20:5-22:41
MERGED from [androidx.vectordrawable:vectordrawable-animated:1.1.0] AndroidManifest.xml:20:5-22:41
MERGED from [androidx.vectordrawable:vectordrawable-animated:1.1.0] AndroidManifest.xml:20:5-22:41
MERGED from [androidx.vectordrawable:vectordrawable:1.1.0] AndroidManifest.xml:20:5-22:41
MERGED from [androidx.vectordrawable:vectordrawable:1.1.0] AndroidManifest.xml:20:5-22:41
MERGED from [androidx.browser:browser:1.4.0] AndroidManifest.xml:20:5-22:41
MERGED from [androidx.browser:browser:1.4.0] AndroidManifest.xml:20:5-22:41
MERGED from [androidx.activity:activity:1.6.1] AndroidManifest.xml:20:5-44
MERGED from [androidx.activity:activity:1.6.1] AndroidManifest.xml:20:5-44
MERGED from [androidx.activity:activity-ktx:1.6.1] AndroidManifest.xml:20:5-44
MERGED from [androidx.activity:activity-ktx:1.6.1] AndroidManifest.xml:20:5-44
MERGED from [androidx.lifecycle:lifecycle-runtime-ktx:2.6.1] AndroidManifest.xml:20:5-44
MERGED from [androidx.lifecycle:lifecycle-runtime-ktx:2.6.1] AndroidManifest.xml:20:5-44
MERGED from [androidx.lifecycle:lifecycle-livedata-core-ktx:2.6.1] AndroidManifest.xml:20:5-44
MERGED from [androidx.lifecycle:lifecycle-livedata-core-ktx:2.6.1] AndroidManifest.xml:20:5-44
MERGED from [androidx.lifecycle:lifecycle-livedata:2.6.1] AndroidManifest.xml:20:5-44
MERGED from [androidx.lifecycle:lifecycle-livedata:2.6.1] AndroidManifest.xml:20:5-44
MERGED from [androidx.savedstate:savedstate-ktx:1.2.1] AndroidManifest.xml:20:5-44
MERGED from [androidx.savedstate:savedstate-ktx:1.2.1] AndroidManifest.xml:20:5-44
MERGED from [androidx.savedstate:savedstate:1.2.1] AndroidManifest.xml:20:5-44
MERGED from [androidx.savedstate:savedstate:1.2.1] AndroidManifest.xml:20:5-44
MERGED from [androidx.lifecycle:lifecycle-livedata-core:2.6.1] AndroidManifest.xml:20:5-44
MERGED from [androidx.lifecycle:lifecycle-livedata-core:2.6.1] AndroidManifest.xml:20:5-44
MERGED from [androidx.lifecycle:lifecycle-process:2.6.1] AndroidManifest.xml:21:5-44
MERGED from [androidx.lifecycle:lifecycle-process:2.6.1] AndroidManifest.xml:21:5-44
MERGED from [androidx.lifecycle:lifecycle-viewmodel-savedstate:2.6.1] AndroidManifest.xml:20:5-44
MERGED from [androidx.lifecycle:lifecycle-viewmodel-savedstate:2.6.1] AndroidManifest.xml:20:5-44
MERGED from [androidx.core:core-ktx:1.9.0] AndroidManifest.xml:5:5-44
MERGED from [androidx.core:core-ktx:1.9.0] AndroidManifest.xml:5:5-44
MERGED from [androidx.recyclerview:recyclerview:1.1.0] AndroidManifest.xml:20:5-22:41
MERGED from [androidx.recyclerview:recyclerview:1.1.0] AndroidManifest.xml:20:5-22:41
MERGED from [androidx.slidingpanelayout:slidingpanelayout:1.2.0] AndroidManifest.xml:20:5-22:41
MERGED from [androidx.slidingpanelayout:slidingpanelayout:1.2.0] AndroidManifest.xml:20:5-22:41
MERGED from [androidx.viewpager:viewpager:1.0.0] AndroidManifest.xml:20:5-44
MERGED from [androidx.viewpager:viewpager:1.0.0] AndroidManifest.xml:20:5-44
MERGED from [androidx.customview:customview:1.1.0] AndroidManifest.xml:20:5-22:41
MERGED from [androidx.customview:customview:1.1.0] AndroidManifest.xml:20:5-22:41
MERGED from [androidx.transition:transition:1.4.1] AndroidManifest.xml:20:5-22:41
MERGED from [androidx.transition:transition:1.4.1] AndroidManifest.xml:20:5-22:41
MERGED from [androidx.window:window:1.0.0] AndroidManifest.xml:20:5-22:41
MERGED from [androidx.window:window:1.0.0] AndroidManifest.xml:20:5-22:41
MERGED from [androidx.core:core:1.9.0] AndroidManifest.xml:20:5-44
MERGED from [androidx.core:core:1.9.0] AndroidManifest.xml:20:5-44
MERGED from [androidx.lifecycle:lifecycle-runtime:2.6.1] AndroidManifest.xml:5:5-44
MERGED from [androidx.lifecycle:lifecycle-runtime:2.6.1] AndroidManifest.xml:5:5-44
MERGED from [androidx.lifecycle:lifecycle-viewmodel:2.6.1] AndroidManifest.xml:20:5-44
MERGED from [androidx.lifecycle:lifecycle-viewmodel:2.6.1] AndroidManifest.xml:20:5-44